<?xml version="1.0" encoding="UTF-8"?>
<!-- Generated by org.testng.reporters.JUnitReportReporter -->
<testsuite hostname="LAPTOP-VKAG1RPA" failures="0" tests="1" name="cucumberOptions.TestRunner" time="53.532" errors="0" timestamp="2020-10-17T12:36:35 IST" skipped="0">
  <testcase classname="cucumberOptions.TestRunner" name="feature" time="53.532"/>
  <system-out/>
</testsuite> <!-- cucumberOptions.TestRunner -->
