<?xml version="1.0" encoding="UTF-8"?>
<!-- Generated by org.testng.reporters.JUnitReportReporter -->
<testsuite hostname="LAPTOP-VKAG1RPA" failures="0" tests="1" name="End2EndProject.HomePageNavigation" time="16.050" errors="0" timestamp="2020-10-09T13:36:32 IST" skipped="0">
  <testcase classname="End2EndProject.HomePageNavigation" name="basePageNavigation" time="16.050"/>
  <system-out/>
</testsuite> <!-- End2EndProject.HomePageNavigation -->
