<?xml version="1.0" encoding="UTF-8"?>
<!-- Generated by org.testng.reporters.JUnitReportReporter -->
<testsuite hostname="LAPTOP-VKAG1RPA" failures="0" tests="2" name="Academy.HomePageNavigation" time="11.242" errors="0" timestamp="2021-03-09T17:18:08 IST" skipped="0">
  <testcase classname="Academy.HomePageNavigation" name="basePageNavigation" time="8.376"/>
  <system-out/>
  <testcase classname="Academy.HomePageNavigation" name="basePageNavigation" time="2.866"/>
  <system-out/>
</testsuite> <!-- Academy.HomePageNavigation -->
