<?xml version="1.0" encoding="UTF-8"?>
<!-- Generated by org.testng.reporters.JUnitReportReporter -->
<testsuite hostname="LAPTOP-VKAG1RPA" failures="0" tests="2" name="Academy.HomePageNavigation" time="14.716" errors="0" timestamp="2021-03-09T18:40:31 IST" skipped="0">
  <testcase classname="Academy.HomePageNavigation" name="basePageNavigation" time="10.974"/>
  <system-out/>
  <testcase classname="Academy.HomePageNavigation" name="basePageNavigation" time="3.742"/>
  <system-out/>
</testsuite> <!-- Academy.HomePageNavigation -->
