<?xml version="1.0" encoding="UTF-8"?>
<!-- Generated by org.testng.reporters.JUnitReportReporter -->
<testsuite hostname="LAPTOP-VKAG1RPA" failures="0" tests="1" name="Academy.ValidateHomeButton" time="0.659" errors="0" timestamp="2021-03-09T18:40:31 IST" skipped="0">
  <testcase classname="Academy.ValidateHomeButton" name="validateHome" time="0.659"/>
  <system-out/>
</testsuite> <!-- Academy.ValidateHomeButton -->
